<?xml version="1.0" encoding="UTF-8"?>
<!-- Generated by org.testng.reporters.JUnitXMLReporter -->
<testsuite ignored="3" hostname="DESKTOP-U7NCNIN" failures="0" tests="5" name="regression testing" time="0.113" errors="0" timestamp="2022-07-26T20:00:58 EET">
  <testcase classname="Tests.TestBase" name="@BeforeSuite StartDriver" time="5.007">
    <failure type="org.openqa.selenium.WebDriverException" message="unknown error: cannot determine loading status
from disconnected: received Inspector.detached event
  (Session info: chrome=103.0.5060.134)
Build info: version: &amp;apos;4.1.1&amp;apos;, revision: &amp;apos;e8fcc2cecf&amp;apos;
System info: host: &amp;apos;DESKTOP-U7NCNIN&amp;apos;, ip: &amp;apos;192.168.1.2&amp;apos;, os.name: &amp;apos;Windows 10&amp;apos;, os.arch: &amp;apos;amd64&amp;apos;, os.version: &amp;apos;10.0&amp;apos;, java.version: &amp;apos;17.0.2&amp;apos;
Driver info: org.openqa.selenium.chrome.ChromeDriver
Command: [83a6db21f0e803377c33b91d2b37e946, get {url=https://demo.nopcommerce.com}]
Capabilities {acceptInsecureCerts: false, browserName: chrome, browserVersion: 103.0.5060.134, chrome: {chromedriverVersion: 103.0.5060.53 (a1711811edd7..., userDataDir: C:\Users\MAHMOU~1.SAM\AppDa...}, goog:chromeOptions: {debuggerAddress: localhost:65312}, javascriptEnabled: true, networkConnectionEnabled: false, pageLoadStrategy: normal, platform: WINDOWS, platformName: WINDOWS, proxy: Proxy(), se:cdp: ws://localhost:65312/devtoo..., se:cdpVersion: 103.0.5060.134, setWindowRect: true, strictFileInteractability: false, timeouts: {implicit: 0, pageLoad: 300000, script: 30000}, unhandledPromptBehavior: dismiss and notify, webauthn:extension:credBlob: true, webauthn:extension:largeBlob: true, webauthn:virtualAuthenticators: true}
Session ID: 83a6db21f0e803377c33b91d2b37e946">
      <![CDATA[org.openqa.selenium.WebDriverException: unknown error: cannot determine loading status
from disconnected: received Inspector.detached event
  (Session info: chrome=103.0.5060.134)
Build info: version: '4.1.1', revision: 'e8fcc2cecf'
System info: host: 'DESKTOP-U7NCNIN', ip: '192.168.1.2', os.name: 'Windows 10', os.arch: 'amd64', os.version: '10.0', java.version: '17.0.2'
Driver info: org.openqa.selenium.chrome.ChromeDriver
Command: [83a6db21f0e803377c33b91d2b37e946, get {url=https://demo.nopcommerce.com}]
Capabilities {acceptInsecureCerts: false, browserName: chrome, browserVersion: 103.0.5060.134, chrome: {chromedriverVersion: 103.0.5060.53 (a1711811edd7..., userDataDir: C:\Users\MAHMOU~1.SAM\AppDa...}, goog:chromeOptions: {debuggerAddress: localhost:65312}, javascriptEnabled: true, networkConnectionEnabled: false, pageLoadStrategy: normal, platform: WINDOWS, platformName: WINDOWS, proxy: Proxy(), se:cdp: ws://localhost:65312/devtoo..., se:cdpVersion: 103.0.5060.134, setWindowRect: true, strictFileInteractability: false, timeouts: {implicit: 0, pageLoad: 300000, script: 30000}, unhandledPromptBehavior: dismiss and notify, webauthn:extension:credBlob: true, webauthn:extension:largeBlob: true, webauthn:virtualAuthenticators: true}
Session ID: 83a6db21f0e803377c33b91d2b37e946
at org.openqa.selenium.remote.codec.w3c.W3CHttpResponseCodec.createException(W3CHttpResponseCodec.java:200)
at org.openqa.selenium.remote.codec.w3c.W3CHttpResponseCodec.decode(W3CHttpResponseCodec.java:133)
at org.openqa.selenium.remote.codec.w3c.W3CHttpResponseCodec.decode(W3CHttpResponseCodec.java:53)
at org.openqa.selenium.remote.HttpCommandExecutor.execute(HttpCommandExecutor.java:184)
at org.openqa.selenium.remote.service.DriverCommandExecutor.invokeExecute(DriverCommandExecutor.java:167)
at org.openqa.selenium.remote.service.DriverCommandExecutor.execute(DriverCommandExecutor.java:142)
at org.openqa.selenium.remote.RemoteWebDriver.execute(RemoteWebDriver.java:543)
at org.openqa.selenium.remote.RemoteWebDriver.get(RemoteWebDriver.java:312)
at org.openqa.selenium.remote.RemoteWebDriver$RemoteNavigation.to(RemoteWebDriver.java:998)
at Tests.TestBase.StartDriver(TestBase.java:44)
... Removed 24 stack frames]]>
    </failure>
  </testcase> <!-- @BeforeSuite StartDriver -->
  <testcase classname="Tests.TestBase" name="@AfterMethod ScreenShot" time="-1.658858458029E9">
    <skipped/>
  </testcase> <!-- @AfterMethod ScreenShot -->
  <testcase classname="Tests.TestBase" name="@AfterMethod ScreenShot" time="-1.658858458039E9">
    <skipped/>
  </testcase> <!-- @AfterMethod ScreenShot -->
  <testcase classname="Tests.TestBase" name="@AfterMethod ScreenShot" time="-1.658858458044E9">
    <skipped/>
  </testcase> <!-- @AfterMethod ScreenShot -->
  <testcase classname="Tests.TestBase" name="@AfterMethod ScreenShot" time="-1.658858458074E9">
    <skipped/>
  </testcase> <!-- @AfterMethod ScreenShot -->
  <testcase classname="Tests.TestBase" name="@AfterMethod ScreenShot" time="-1.658858458088E9">
    <skipped/>
  </testcase> <!-- @AfterMethod ScreenShot -->
  <testcase classname="Tests.RegTest" name="UserRegTest" time="0.0">
    <skipped/>
  </testcase> <!-- UserRegTest -->
  <testcase classname="Tests.RegTest" name="Result" time="0.0">
    <skipped/>
  </testcase> <!-- Result -->
  <testcase classname="Tests.LoginTest" name="openLoginPage" time="0.0">
    <skipped/>
  </testcase> <!-- openLoginPage -->
  <testcase classname="Tests.LoginTest" name="LogResult" time="0.0">
    <skipped/>
  </testcase> <!-- LogResult -->
  <testcase classname="Tests.HoverTest" name="userCanHover" time="0.0">
    <skipped/>
  </testcase> <!-- userCanHover -->
  <testcase classname="Tests.TestBase" name="@BeforeSuite StartDriver" time="0.0">
    <ignored/>
  </testcase> <!-- @BeforeSuite StartDriver -->
  <testcase classname="Tests.TestBase" name="@BeforeSuite StartDriver" time="0.0">
    <ignored/>
  </testcase> <!-- @BeforeSuite StartDriver -->
  <testcase classname="Tests.TestBase" name="@BeforeSuite StartDriver" time="0.0">
    <ignored/>
  </testcase> <!-- @BeforeSuite StartDriver -->
</testsuite> <!-- regression testing -->
